+ JobID=13033
+ rsync -avrz --exclude=figs /gpfswork/rech/yrf/uba22to/4dvarnet-core/ /gpfswork/rech/yrf/uba22to/4dvarnet-core_13033
+ python -u /gpfswork/rech/yrf/uba22to/4dvarnet-core_13033/main.py --dataloading=new --max_epochs=1 run
/linkhome/rech/genimt01/uba22to/.conda/envs/4dvarnet/lib/python3.9/site-packages/pytorch_lightning/utilities/distributed.py:69: UserWarning: Checkpoint directory /gpfsscratch/rech/nlu/commun/large/results_maxime exists and is not empty.
  warnings.warn(*args, **kwargs)
GPU available: True, used: True
TPU available: False, using: 0 TPU cores
LOCAL_RANK: 0 - CUDA_VISIBLE_DEVICES: [0]
Set SLURM handle signals.

  | Name         | Type                | Params
-----------------------------------------------------
0 | model        | Solver_Grad_4DVarNN | 349 K 
1 | model_LR     | ModelLR             | 0     
2 | gradient_img | Gradient_img        | 18    
-----------------------------------------------------
349 K     Trainable params
23        Non-trainable params
349 K     Total params
1.400     Total estimated model params size (MB)
/linkhome/rech/genimt01/uba22to/.conda/envs/4dvarnet/lib/python3.9/site-packages/pytorch_lightning/core/step_result.py:115: UserWarning: To copy construct from a tensor, it is recommended to use sourceTensor.clone().detach() or sourceTensor.clone().detach().requires_grad_(True), rather than torch.tensor(sourceTensor).
  value = torch.tensor(value, device=device, dtype=torch.float)
LOCAL_RANK: 0 - CUDA_VISIBLE_DEVICES: [0]
/gpfsdswork/projects/rech/yrf/uba22to/4dvarnet-core_13033/spectral.py:55: RuntimeWarning: invalid value encountered in true_divide
  pf_ = (pf_/rapsd2dv1(img2,res,hanning)[1])
+ rm -rf /gpfswork/rech/yrf/uba22to/4dvarnet-core_13033
